[2019-09-07 11:18:23.273] [exthost] [info] extension host started
[2019-09-07 11:18:23.289] [exthost] [info] ExtensionService#_doActivateExtension vscode.debug-auto-launch {"startup":true,"activationEvent":"*"}
[2019-09-07 11:18:23.289] [exthost] [info] ExtensionService#loadCommonJSModule file:///usr/lib/code/extensions/debug-auto-launch/dist/extension
[2019-09-07 11:18:23.293] [exthost] [info] ExtensionService#_doActivateExtension vscode.emmet {"startup":true,"activationEvent":"*"}
[2019-09-07 11:18:23.293] [exthost] [info] ExtensionService#loadCommonJSModule file:///usr/lib/code/extensions/emmet/dist/extension
[2019-09-07 11:18:23.342] [exthost] [info] ExtensionService#_doActivateExtension vscode.git {"startup":true,"activationEvent":"*"}
[2019-09-07 11:18:23.342] [exthost] [info] ExtensionService#loadCommonJSModule file:///usr/lib/code/extensions/git/dist/main
[2019-09-07 11:18:23.437] [exthost] [info] ExtensionService#_doActivateExtension vscode.merge-conflict {"startup":true,"activationEvent":"*"}
[2019-09-07 11:18:23.437] [exthost] [info] ExtensionService#loadCommonJSModule file:///usr/lib/code/extensions/merge-conflict/dist/extension
[2019-09-07 11:18:23.443] [exthost] [info] eager extensions activated
[2019-09-07 11:19:02.504] [exthost] [info] ExtensionService#_doActivateExtension ms-vscode.cpptools {"startup":false,"activationEvent":"*"}
[2019-09-07 11:19:02.505] [exthost] [info] ExtensionService#loadCommonJSModule file:///home/klaus/.vscode-oss/extensions/ms-vscode.cpptools-0.25.1/dist/main
[2019-09-07 11:19:12.657] [exthost] [info] ExtensionService#_doActivateExtension redhat.java {"startup":false,"activationEvent":"workspaceContains:pom.xml"}
[2019-09-07 11:19:12.657] [exthost] [info] ExtensionService#loadCommonJSModule file:///home/klaus/.vscode-oss/extensions/redhat.java-0.48.0/dist/extension
[2019-09-07 11:19:15.142] [exthost] [info] ExtensionService#_doActivateExtension ms-vscode.csharp {"startup":false,"activationEvent":"workspaceContains:project.json"}
[2019-09-07 11:19:15.142] [exthost] [info] ExtensionService#loadCommonJSModule file:///home/klaus/.vscode-oss/extensions/ms-vscode.csharp-1.21.1/dist/extension
[2019-09-07 12:40:23.053] [exthost] [info] extension host started
[2019-09-07 12:40:23.062] [exthost] [info] ExtensionService#_doActivateExtension vscode.debug-auto-launch {"startup":true,"activationEvent":"*"}
[2019-09-07 12:40:23.063] [exthost] [info] ExtensionService#loadCommonJSModule file:///usr/lib/code/extensions/debug-auto-launch/dist/extension
[2019-09-07 12:40:23.068] [exthost] [info] ExtensionService#_doActivateExtension vscode.emmet {"startup":true,"activationEvent":"*"}
[2019-09-07 12:40:23.068] [exthost] [info] ExtensionService#loadCommonJSModule file:///usr/lib/code/extensions/emmet/dist/extension
[2019-09-07 12:40:23.142] [exthost] [info] ExtensionService#_doActivateExtension vscode.git {"startup":true,"activationEvent":"*"}
[2019-09-07 12:40:23.142] [exthost] [info] ExtensionService#loadCommonJSModule file:///usr/lib/code/extensions/git/dist/main
[2019-09-07 12:40:23.240] [exthost] [info] ExtensionService#_doActivateExtension vscode.merge-conflict {"startup":true,"activationEvent":"*"}
[2019-09-07 12:40:23.240] [exthost] [info] ExtensionService#loadCommonJSModule file:///usr/lib/code/extensions/merge-conflict/dist/extension
[2019-09-07 12:40:23.564] [exthost] [info] eager extensions activated
[2019-09-07 12:41:16.070] [exthost] [info] ExtensionService#_doActivateExtension vscode.python {"startup":false,"activationEvent":"onLanguage:python"}
[2019-09-07 12:41:16.070] [exthost] [info] ExtensionService#loadCommonJSModule file:///usr/lib/code/extensions/python/dist/pythonMain
[2019-09-07 12:41:16.073] [exthost] [info] ExtensionService#_doActivateExtension ms-python.python {"startup":false,"activationEvent":"onLanguage:python"}
[2019-09-07 12:41:16.073] [exthost] [info] ExtensionService#loadCommonJSModule file:///home/klaus/.vscode-oss/extensions/ms-python.python-2019.9.34911/out/client/extension
